<?xml version="1.0" encoding="UTF-8"?>
<testsuite xmlns:xsi="http://www.w3.org/2001/XMLSchema-instance" xsi:noNamespaceSchemaLocation="https://maven.apache.org/surefire/maven-surefire-plugin/xsd/surefire-test-report-3.0.xsd" version="3.0" name="runner.TestRunner" time="190.164" tests="6" errors="0" skipped="0" failures="1">
  <properties>
[...]
</properties>
  <testcase name="runScenario[&quot;Automate adding items to the cart, removing them&quot;, &quot;Shopping cart Page&quot;](1)" classname="runner.TestRunner" time="41.241">
    <system-out><![CDATA[
@ShoppingCartTest
Scenario: Automate adding items to the cart, removing them    &amp#27;[90m# src/test/resources/features/CheckOut.feature:3&amp#27;[0m
  &amp#27;[32mGiven &amp#27;[0m&amp#27;[32mUser Entered homepage&amp#27;[0m                                 &amp#27;[90m# stepDefinitions.CheckOutSteps.user_entered_homepage()&amp#27;[0m
Added and updated successfulle!
]]></system-out>
    <system-err><![CDATA[SLF4J: Failed to load class "org.slf4j.impl.StaticLoggerBinder".
SLF4J: Defaulting to no-operation (NOP) logger implementation
SLF4J: See http://www.slf4j.org/codes.html#StaticLoggerBinder for further details.
Mar 19, 2025 4:14:01 PM org.openqa.selenium.devtools.CdpVersionFinder findNearestMatch
WARNING: Unable to find CDP implementation matching 134
Mar 19, 2025 4:14:01 PM org.openqa.selenium.chromium.ChromiumDriver lambda$new$5
WARNING: Unable to find version of CDP to use for 134.0.6998.89. You may need to include a dependency on a specific version of the CDP using something similar to `org.seleniumhq.selenium:selenium-devtools-v86:4.19.1` where the version ("v86") matches the version of the chromium-based browser you're using and the version number of the artifact is the same as Selenium's.
]]></system-err>
  </testcase>
  <testcase name="runScenario[&quot;Search for a product&quot;, &quot;HomePage Search&quot;](2)" classname="runner.TestRunner" time="9.063">
    <system-out><![CDATA[  &amp#27;[32mWhen &amp#27;[0m&amp#27;[32mUser opened product  added to cart and opened the cart&amp#27;[0m &amp#27;[90m# stepDefinitions.CheckOutSteps.User_opened_product_added_to_cart_and_opened_the_cart()&amp#27;[0m
  &amp#27;[32mWhen &amp#27;[0m&amp#27;[32mUser removes the product and updates the quantities&amp#27;[0m    &amp#27;[90m# stepDefinitions.CheckOutSteps.user_removes_the_product_and_updates_the_quantities()&amp#27;[0m
  &amp#27;[32mThen &amp#27;[0m&amp#27;[32mCheckout page is displayed&amp#27;[0m                             &amp#27;[90m# stepDefinitions.CheckOutSteps.checkout_page_is_displayed()&amp#27;[0m

@SearchTest
Scenario: Sea]]></system-out>
    <system-err><![CDATA[Mar 19, 2025 4:14:39 PM org.openqa.selenium.devtools.CdpVersionFinder findNearestMatch
WARNING: Unable to find CDP implementation matching 134
Mar 19, 2025 4:14:39 PM org.openqa.selenium.chromium.ChromiumDriver lambda$new$5
WARNING: Unable to find version of CDP to use for 134.0.6998.89. You may need to include a dependency on a specific version of the CDP using something similar to `org.seleniumhq.selenium:selenium-devtools-v86:4.19.1` where the version ("v86") matches the version of the chromium-based browser you're using and the version number of the artifact is the same as Selenium's.
]]></system-err>
  </testcase>
  <testcase name="runScenario[&quot;User Login&quot;, &quot;UserLogin functionality&quot;](3)" classname="runner.TestRunner" time="55.715">
    <system-out><![CDATA[rch for a product            &amp#27;[90m# src/test/resources/features/HomePage.feature:3&amp#27;[0m
  &amp#27;[32mGiven &amp#27;[0m&amp#27;[32mUser is on Home Page&amp#27;[0m              &amp#27;[90m# stepDefinitions.HomePageSteps.user_is_on_the_homepage()&amp#27;[0m
  &amp#27;[32mWhen &amp#27;[0m&amp#27;[32mUser searches for &amp#27;[0m&amp#27;[32m&amp#27;[1m"Laptop"&amp#27;[0m         &amp#27;[90m# stepDefinitions.HomePageSteps.user_searches_for_Product(java.lang.String)&amp#27;[0m
  &amp#27;[32mThen &amp#27;[0m&amp#27;[32mSearch results should be displayed&amp#27;[0m &amp#27;[90m# stepDefinitions.HomePageSteps.search_results_are_displayed()&amp#27;[0m

@UserRegistrationTest
Scenario: User Login                                                            &amp#27;[90m# src/test/resources/features/Login.feature:3&amp#27;[0m
  &amp#27;[32mGiven &amp#27;[0m&amp#27;[32mUser on homepage&amp#27;[0m                                                        &amp#27;[90m# stepDefinitions.LoginPageSteps.User_on_homepage()&amp#27;[0m
  &amp#27;[32mWhen &amp#27;[0m&amp#27;[32mUser registers an account&amp#27;[0m                                                &amp#27;[90m# stepDefinitions.LoginPageSteps.User_registers_an_account()&amp#27;[0m
]]></system-out>
    <system-err><![CDATA[Mar 19, 2025 4:14:48 PM org.openqa.selenium.devtools.CdpVersionFinder findNearestMatch
WARNING: Unable to find CDP implementation matching 134
Mar 19, 2025 4:14:48 PM org.openqa.selenium.chromium.ChromiumDriver lambda$new$5
WARNING: Unable to find version of CDP to use for 134.0.6998.89. You may need to include a dependency on a specific version of the CDP using something similar to `org.seleniumhq.selenium:selenium-devtools-v86:4.19.1` where the version ("v86") matches the version of the chromium-based browser you're using and the version number of the artifact is the same as Selenium's.
]]></system-err>
  </testcase>
  <testcase name="runScenario[&quot;Order a product Successfully&quot;, &quot;OrderPage Search&quot;](4)" classname="runner.TestRunner" time="36.54">
    <failure message="Expected condition failed: waiting for visibility of element located by By.id: BillingNewAddress_CountryId (tried for 10 second(s) with 500 milliseconds interval)&#10;Build info: version: &apos;4.19.1&apos;, revision: &apos;abe0ee07dc&apos;&#10;System info: os.name: &apos;Windows 10&apos;, os.arch: &apos;amd64&apos;, os.version: &apos;10.0&apos;, java.version: &apos;21.0.6&apos;&#10;Driver info: org.openqa.selenium.chrome.ChromeDriver&#10;Capabilities {acceptInsecureCerts: false, browserName: chrome, browserVersion: 134.0.6998.89, chrome: {chromedriverVersion: 134.0.6998.88 (7e3d5c978c6d..., userDataDir: C:\Users\Rajesh\AppData\Loc...}, fedcm:accounts: true, goog:chromeOptions: {debuggerAddress: localhost:61175}, networkConnectionEnabled: false, pageLoadStrategy: normal, platformName: windows, proxy: Proxy(), se:cdp: ws://localhost:61175/devtoo..., se:cdpVersion: 134.0.6998.89, setWindowRect: true, strictFileInteractability: false, timeouts: {implicit: 0, pageLoad: 300000, script: 30000}, unhandledPromptBehavior: dismiss and notify, webauthn:extension:credBlob: true, webauthn:extension:largeBlob: true, webauthn:extension:minPinLength: true, webauthn:extension:prf: true, webauthn:virtualAuthenticators: true}&#10;Session ID: 009da3f29813aa8c072ea88bf2bb8fe7" type="org.openqa.selenium.TimeoutException"><![CDATA[org.openqa.selenium.TimeoutException: 
Expected condition failed: waiting for visibility of element located by By.id: BillingNewAddress_CountryId (tried for 10 second(s) with 500 milliseconds interval)
Build info: version: '4.19.1', revision: 'abe0ee07dc'
System info: os.name: 'Windows 10', os.arch: 'amd64', os.version: '10.0', java.version: '21.0.6'
Driver info: org.openqa.selenium.chrome.ChromeDriver
Capabilities {acceptInsecureCerts: false, browserName: chrome, browserVersion: 134.0.6998.89, chrome: {chromedriverVersion: 134.0.6998.88 (7e3d5c978c6d..., userDataDir: C:\Users\Rajesh\AppData\Loc...}, fedcm:accounts: true, goog:chromeOptions: {debuggerAddress: localhost:61175}, networkConnectionEnabled: false, pageLoadStrategy: normal, platformName: windows, proxy: Proxy(), se:cdp: ws://localhost:61175/devtoo..., se:cdpVersion: 134.0.6998.89, setWindowRect: true, strictFileInteractability: false, timeouts: {implicit: 0, pageLoad: 300000, script: 30000}, unhandledPromptBehavior: dismiss and notify, webauthn:extension:credBlob: true, webauthn:extension:largeBlob: true, webauthn:extension:minPinLength: true, webauthn:extension:prf: true, webauthn:virtualAuthenticators: true}
Session ID: 009da3f29813aa8c072ea88bf2bb8fe7
	at org.openqa.selenium.support.ui.WebDriverWait.timeoutException(WebDriverWait.java:84)
	at org.openqa.selenium.support.ui.FluentWait.until(FluentWait.java:228)
	at pageObject.OrderPage.enterBillingDetails(OrderPage.java:32)
	at stepDefinitions.OrderFunctionalitySteps.User_should_fill_billing_adress_and_details_and_payment_method(OrderFunctionalitySteps.java:84)
	at ✽.User should fill billing adress and details and payment method(file:///C:/Users/Rajesh/eclipse-workspace/tricentis/src/test/resources/features/OrderPage.feature:6)
]]></failure>
    <system-out><![CDATA[  &amp#27;[32mWhen &amp#27;[0m&amp#27;[32mUser logs in with Email &amp#27;[0m&amp#27;[32m&amp#27;[1m"xyzltygmno@gmail.com"&amp#27;[0m&amp#27;[32m and password &amp#27;[0m&amp#27;[32m&amp#27;[1m"12345678id"&amp#27;[0m &amp#27;[90m# stepDefinitions.LoginPageSteps.User_logs_in_with_Email_and_password(java.lang.String,java.lang.String)&amp#27;[0m
  &amp#27;[32mThen &amp#27;[0m&amp#27;[32mdisplays registered changed successfully&amp#27;[0m                                 &amp#27;[90m# stepDefinitions.LoginPageSteps.displays_registered_changed_successfully()&amp#27;[0m

@OrderTest
Scenario: Order a product Successfully                                &amp#27;[90m# src/test/resources/features/OrderPage.feature:3&amp#27;[0m
  &amp#27;[32mGiven &amp#27;[0m&amp#27;[32mUser is on Home Page to order&amp#27;[0m                                 &amp#27;[90m# stepDefinitions.OrderFunctionalitySteps.User_is_on_Home_Page_to_order()&amp#27;[0m
  &amp#27;[32mWhen &amp#27;[0m&amp#27;[32mUser visit cart for ordering the product and will checkout&amp#27;[0m     &amp#27;[90m# stepDefinitions.OrderFunctionalitySteps.User_visit_cart_for_ordering_the_product_and_will_checkout()&amp#27;[0m
  &amp#27;[31mWhen &amp#27;[0m&amp#27;[31mUser should fill billing adress and details and payment method&amp#27;[0m &amp#27;[90m# stepDefinitions.OrderFunctionalitySteps.User_should_fill_billing_adress_and_details_and_payment_method()&amp#27;[0m
]]></system-out>
    <system-err><![CDATA[Mar 19, 2025 4:15:44 PM org.openqa.selenium.devtools.CdpVersionFinder findNearestMatch
WARNING: Unable to find CDP implementation matching 134
Mar 19, 2025 4:15:44 PM org.openqa.selenium.chromium.ChromiumDriver lambda$new$5
WARNING: Unable to find version of CDP to use for 134.0.6998.89. You may need to include a dependency on a specific version of the CDP using something similar to `org.seleniumhq.selenium:selenium-devtools-v86:4.19.1` where the version ("v86") matches the version of the chromium-based browser you're using and the version number of the artifact is the same as Selenium's.
]]></system-err>
  </testcase>
  <testcase name="runScenario[&quot;Validate the product&quot;, &quot;product Functionality&quot;](5)" classname="runner.TestRunner" time="22.828">
    <system-out><![CDATA[Product added in the cart!
]]></system-out>
    <system-err><![CDATA[Mar 19, 2025 4:16:20 PM org.openqa.selenium.devtools.CdpVersionFinder findNearestMatch
WARNING: Unable to find CDP implementation matching 134
Mar 19, 2025 4:16:20 PM org.openqa.selenium.chromium.ChromiumDriver lambda$new$5
WARNING: Unable to find version of CDP to use for 134.0.6998.89. You may need to include a dependency on a specific version of the CDP using something similar to `org.seleniumhq.selenium:selenium-devtools-v86:4.19.1` where the version ("v86") matches the version of the chromium-based browser you're using and the version number of the artifact is the same as Selenium's.
]]></system-err>
  </testcase>
  <testcase name="runScenario[&quot;Automate searching for products, filtering results by Discounts, price, and Language&quot;, &quot;Search Functionality&quot;](6)" classname="runner.TestRunner" time="21.695">
    <system-out><![CDATA[Filtered results found
]]></system-out>
    <system-err><![CDATA[Mar 19, 2025 4:16:43 PM org.openqa.selenium.devtools.CdpVersionFinder findNearestMatch
WARNING: Unable to find CDP implementation matching 134
Mar 19, 2025 4:16:43 PM org.openqa.selenium.chromium.ChromiumDriver lambda$new$5
WARNING: Unable to find version of CDP to use for 134.0.6998.89. You may need to include a dependency on a specific version of the CDP using something similar to `org.seleniumhq.selenium:selenium-devtools-v86:4.19.1` where the version ("v86") matches the version of the chromium-based browser you're using and the version number of the artifact is the same as Selenium's.
]]></system-err>
  </testcase>
</testsuite>